<?xml version="1.0" encoding="UTF-8"?>
<testng-results skipped="0" failed="0" ignored="0" total="2" passed="2">
  <reporter-output>
  </reporter-output>
  <suite name="Default suite" duration-ms="73" started-at="2022-09-10T01:23:47 IST" finished-at="2022-09-10T01:23:47 IST">
    <groups>
    </groups>
    <test name="Default test" duration-ms="73" started-at="2022-09-10T01:23:47 IST" finished-at="2022-09-10T01:23:47 IST">
      <class name="rough.T1">
        <test-method status="PASS" signature="t1()[pri:0, instance:rough.T1@262b2c86]" name="t1" duration-ms="9" started-at="2022-09-10T01:23:47 IST" finished-at="2022-09-10T01:23:47 IST">
          <reporter-output>
          </reporter-output>
        </test-method> <!-- t1 -->
        <test-method status="PASS" signature="t2()[pri:1, instance:rough.T1@262b2c86]" name="t2" duration-ms="1" started-at="2022-09-10T01:23:47 IST" finished-at="2022-09-10T01:23:47 IST">
          <reporter-output>
          </reporter-output>
        </test-method> <!-- t2 -->
      </class> <!-- rough.T1 -->
    </test> <!-- Default test -->
  </suite> <!-- Default suite -->
</testng-results>
